<?xml version="1.0" encoding="UTF-8"?>
<!-- Generated by org.testng.reporters.JUnitReportReporter -->
<testsuite hostname="DESKTOP-7KP2STH" name="org.zia.training.selenium.keyword.TestAutomation" tests="1" failures="0" timestamp="27 Dec 2018 19:40:05 GMT" time="61.378" errors="0">
  <testcase name="testLogin" time="61.378" classname="org.zia.training.selenium.keyword.TestAutomation"/>
</testsuite> <!-- org.zia.training.selenium.keyword.TestAutomation -->
